<?xml version="1.0" encoding="UTF-8"?>
<!-- Generated by org.testng.reporters.JUnitReportReporter -->
<testsuite hostname="япошка" failures="0" tests="15" name="test.Tests" time="52.813" errors="0" timestamp="2023-05-28T16:42:58 EEST" skipped="0">
  <testcase classname="test.Tests" name="testClickChildRoomLinkAndAssertTitle" time="3.201"/>
  <system-out/>
  <testcase classname="test.Tests" name="testClickDeliveryBagLinkAndAssertText" time="7.902"/>
  <system-out/>
  <testcase classname="test.Tests" name="testClickRusLink" time="2.680"/>
  <system-out/>
  <testcase classname="test.Tests" name="testClickContactUsTooltipAndAssertText" time="1.806"/>
  <system-out/>
  <testcase classname="test.Tests" name="testClickPampikLinkAndAssertTitle" time="2.361"/>
  <system-out/>
  <testcase classname="test.Tests" name="testClickFqSelector" time="2.483"/>
  <system-out/>
  <testcase classname="test.Tests" name="testSubmitEmail" time="3.439"/>
  <system-out/>
  <testcase classname="test.Tests" name="testClickBannerLinkAndAssertText" time="6.217"/>
  <system-out/>
  <testcase classname="test.Tests" name="testSearch" time="3.333"/>
  <system-out/>
  <testcase classname="test.Tests" name="testClickCallMeBtn" time="4.561"/>
  <system-out/>
  <testcase classname="test.Tests" name="testSliderNavigation" time="2.342"/>
  <system-out/>
  <testcase classname="test.Tests" name="testClickDishwashingSuppliesLinkAndAssertTitle" time="3.562"/>
  <system-out/>
  <testcase classname="test.Tests" name="testClickSubMenu" time="3.758"/>
  <system-out/>
  <testcase classname="test.Tests" name="testClickFqSelector2" time="1.911"/>
  <system-out/>
  <testcase classname="test.Tests" name="testMoveToElementCategoryClick" time="3.257"/>
  <system-out/>
</testsuite> <!-- test.Tests -->
