<?xml version="1.0" encoding="UTF-8"?>
<!-- Generated by org.testng.reporters.JUnitReportReporter -->
<testsuite hostname="япошка" failures="0" tests="15" name="test.Tests" time="51.420" errors="0" timestamp="2023-05-28T16:19:49 EEST" skipped="0">
  <testcase classname="test.Tests" name="testClickContactUsTooltipAndAssertText" time="1.791"/>
  <system-out/>
  <testcase classname="test.Tests" name="testClickPampikLinkAndAssertTitle" time="2.250"/>
  <system-out/>
  <testcase classname="test.Tests" name="testClickBannerLinkAndAssertText" time="6.513"/>
  <system-out/>
  <testcase classname="test.Tests" name="testClickFqSelector2" time="2.340"/>
  <system-out/>
  <testcase classname="test.Tests" name="testSubmitEmail" time="3.283"/>
  <system-out/>
  <testcase classname="test.Tests" name="testClickCallMeBtn" time="2.572"/>
  <system-out/>
  <testcase classname="test.Tests" name="testMoveToElementCategoryClick" time="3.275"/>
  <system-out/>
  <testcase classname="test.Tests" name="testSliderNavigation" time="2.434"/>
  <system-out/>
  <testcase classname="test.Tests" name="testClickDishwashingSuppliesLinkAndAssertTitle" time="2.881"/>
  <system-out/>
  <testcase classname="test.Tests" name="testSearch" time="3.172"/>
  <system-out/>
  <testcase classname="test.Tests" name="testClickFqSelector" time="2.242"/>
  <system-out/>
  <testcase classname="test.Tests" name="testClickDeliveryBagLinkAndAssertText" time="9.357"/>
  <system-out/>
  <testcase classname="test.Tests" name="testClickChildRoomLinkAndAssertTitle" time="3.367"/>
  <system-out/>
  <testcase classname="test.Tests" name="testClickRusLink" time="2.417"/>
  <system-out/>
  <testcase classname="test.Tests" name="testClickSubMenu" time="3.526"/>
  <system-out/>
</testsuite> <!-- test.Tests -->
