<?xml version="1.0" encoding="UTF-8"?>
<!-- Generated by org.testng.reporters.JUnitReportReporter -->
<testsuite hostname="япошка" failures="0" tests="15" name="test.Tests" time="48.759" errors="0" timestamp="2023-05-28T15:52:37 EEST" skipped="0">
  <testcase classname="test.Tests" name="testClickContactUsTooltipAndAssertText" time="1.790"/>
  <system-out/>
  <testcase classname="test.Tests" name="testClickFqSelector" time="2.624"/>
  <system-out/>
  <testcase classname="test.Tests" name="testClickPampikLinkAndAssertTitle" time="1.999"/>
  <system-out/>
  <testcase classname="test.Tests" name="testClickFqSelector2" time="1.864"/>
  <system-out/>
  <testcase classname="test.Tests" name="testSearch" time="3.087"/>
  <system-out/>
  <testcase classname="test.Tests" name="testClickBannerLinkAndAssertText" time="9.057"/>
  <system-out/>
  <testcase classname="test.Tests" name="testClickDishwashingSuppliesLinkAndAssertTitle" time="2.911"/>
  <system-out/>
  <testcase classname="test.Tests" name="testMoveToElementCategoryClick" time="3.121"/>
  <system-out/>
  <testcase classname="test.Tests" name="testSliderNavigation" time="2.260"/>
  <system-out/>
  <testcase classname="test.Tests" name="testClickChildRoomLinkAndAssertTitle" time="3.306"/>
  <system-out/>
  <testcase classname="test.Tests" name="testSubmitEmail" time="3.185"/>
  <system-out/>
  <testcase classname="test.Tests" name="testClickCallMeBtn" time="4.348"/>
  <system-out/>
  <testcase classname="test.Tests" name="testClickDeliveryBagLinkAndAssertText" time="4.011"/>
  <system-out/>
  <testcase classname="test.Tests" name="testClickRusLink" time="2.053"/>
  <system-out/>
  <testcase classname="test.Tests" name="testClickSubMenu" time="3.143"/>
  <system-out/>
</testsuite> <!-- test.Tests -->
