<?xml version="1.0" encoding="UTF-8"?>
<!-- Generated by org.testng.reporters.JUnitReportReporter -->
<testsuite hostname="япошка" failures="0" tests="10" name="test.Tests" time="33.434" errors="0" timestamp="2023-05-14T17:54:03 EEST" skipped="0">
  <testcase classname="test.Tests" name="testClickCallMeBtn" time="5.154"/>
  <system-out/>
  <testcase classname="test.Tests" name="testClickFqSelector" time="2.655"/>
  <system-out/>
  <testcase classname="test.Tests" name="testMoveToElementCategoryClick" time="3.230"/>
  <system-out/>
  <testcase classname="test.Tests" name="testSliderNavigation" time="2.637"/>
  <system-out/>
  <testcase classname="test.Tests" name="testClickSubMenu" time="4.394"/>
  <system-out/>
  <testcase classname="test.Tests" name="testSubmitEmail" time="3.846"/>
  <system-out/>
  <testcase classname="test.Tests" name="testClickPampikLinkAndAssertTitle" time="2.375"/>
  <system-out/>
  <testcase classname="test.Tests" name="testClickFqSelector2" time="2.328"/>
  <system-out/>
  <testcase classname="test.Tests" name="testClickRusLink" time="2.654"/>
  <system-out/>
  <testcase classname="test.Tests" name="testSearch" time="4.161"/>
  <system-out/>
</testsuite> <!-- test.Tests -->
